  [1m[36m (7.2ms)[0m  [1mCREATE TABLE "schema_migrations" ("version" varchar NOT NULL) [0m
  [1m[35m (0.1ms)[0m  select sqlite_version(*)
  [1m[36m (7.1ms)[0m  [1mCREATE UNIQUE INDEX "unique_schema_migrations" ON "schema_migrations" ("version")[0m
  [1m[35mActiveRecord::SchemaMigration Load (1.2ms)[0m  SELECT "schema_migrations".* FROM "schema_migrations"
Migrating to CreateTestTables (20151110173324)
  [1m[36m (0.1ms)[0m  [1mbegin transaction[0m
  [1m[35m (3.2ms)[0m  CREATE TABLE "blogs" ("id" INTEGER PRIMARY KEY AUTOINCREMENT NOT NULL) 
  [1m[36m (0.1ms)[0m  [1mCREATE TABLE "posts" ("id" INTEGER PRIMARY KEY AUTOINCREMENT NOT NULL, "blog_id" integer) [0m
  [1m[35m (0.1ms)[0m  CREATE TABLE "comments" ("id" INTEGER PRIMARY KEY AUTOINCREMENT NOT NULL, "post_id" integer) 
  [1m[36m (0.1ms)[0m  [1mCREATE TABLE "pizzas" ("id" INTEGER PRIMARY KEY AUTOINCREMENT NOT NULL) [0m
  [1m[35m (0.1ms)[0m  CREATE TABLE "ingredients" ("id" INTEGER PRIMARY KEY AUTOINCREMENT NOT NULL, "dish_id" integer) 
  [1m[36m (0.1ms)[0m  [1mCREATE TABLE "projects" ("id" INTEGER PRIMARY KEY AUTOINCREMENT NOT NULL, "my_primary_key" varchar) [0m
  [1m[35m (0.1ms)[0m  CREATE TABLE "tasks" ("id" INTEGER PRIMARY KEY AUTOINCREMENT NOT NULL, "my_primary_key" varchar, "project_id" integer) 
  [1m[36mSQL (0.8ms)[0m  [1mINSERT INTO "schema_migrations" ("version") VALUES (?)[0m  [["version", "20151110173324"]]
  [1m[35m (5.6ms)[0m  commit transaction
  [1m[36mActiveRecord::SchemaMigration Load (1.1ms)[0m  [1mSELECT "schema_migrations".* FROM "schema_migrations"[0m
  [1m[35m (8.7ms)[0m  DROP TABLE "blogs"
  [1m[36m (10.9ms)[0m  [1mCREATE TABLE "blogs" ("id" INTEGER PRIMARY KEY AUTOINCREMENT NOT NULL) [0m
  [1m[35m (8.1ms)[0m  DROP TABLE "comments"
  [1m[36m (7.8ms)[0m  [1mCREATE TABLE "comments" ("id" INTEGER PRIMARY KEY AUTOINCREMENT NOT NULL, "post_id" integer) [0m
  [1m[35m (10.3ms)[0m  DROP TABLE "ingredients"
  [1m[36m (8.4ms)[0m  [1mCREATE TABLE "ingredients" ("id" INTEGER PRIMARY KEY AUTOINCREMENT NOT NULL, "dish_id" integer) [0m
  [1m[35m (8.2ms)[0m  DROP TABLE "pizzas"
  [1m[36m (12.2ms)[0m  [1mCREATE TABLE "pizzas" ("id" INTEGER PRIMARY KEY AUTOINCREMENT NOT NULL) [0m
  [1m[35m (8.5ms)[0m  DROP TABLE "posts"
  [1m[36m (8.2ms)[0m  [1mCREATE TABLE "posts" ("id" INTEGER PRIMARY KEY AUTOINCREMENT NOT NULL, "blog_id" integer) [0m
  [1m[35m (9.6ms)[0m  DROP TABLE "projects"
  [1m[36m (8.4ms)[0m  [1mCREATE TABLE "projects" ("id" INTEGER PRIMARY KEY AUTOINCREMENT NOT NULL, "my_primary_key" varchar) [0m
  [1m[35m (10.3ms)[0m  DROP TABLE "tasks"
  [1m[36m (9.0ms)[0m  [1mCREATE TABLE "tasks" ("id" INTEGER PRIMARY KEY AUTOINCREMENT NOT NULL, "my_primary_key" varchar, "project_id" integer) [0m
  [1m[35m (1.2ms)[0m  SELECT version FROM "schema_migrations"
  [1m[36m (9.2ms)[0m  [1mCREATE TABLE "blogs" ("id" INTEGER PRIMARY KEY AUTOINCREMENT NOT NULL) [0m
  [1m[35m (7.9ms)[0m  CREATE TABLE "comments" ("id" INTEGER PRIMARY KEY AUTOINCREMENT NOT NULL, "post_id" integer) 
  [1m[36m (7.3ms)[0m  [1mCREATE TABLE "ingredients" ("id" INTEGER PRIMARY KEY AUTOINCREMENT NOT NULL, "dish_id" integer) [0m
  [1m[35m (11.0ms)[0m  CREATE TABLE "pizzas" ("id" INTEGER PRIMARY KEY AUTOINCREMENT NOT NULL) 
  [1m[36m (8.6ms)[0m  [1mCREATE TABLE "posts" ("id" INTEGER PRIMARY KEY AUTOINCREMENT NOT NULL, "blog_id" integer) [0m
  [1m[35m (9.6ms)[0m  CREATE TABLE "projects" ("id" INTEGER PRIMARY KEY AUTOINCREMENT NOT NULL, "my_primary_key" varchar) 
  [1m[36m (7.5ms)[0m  [1mCREATE TABLE "tasks" ("id" INTEGER PRIMARY KEY AUTOINCREMENT NOT NULL, "my_primary_key" varchar, "project_id" integer) [0m
  [1m[35m (8.9ms)[0m  CREATE TABLE "schema_migrations" ("version" varchar NOT NULL) 
  [1m[36m (0.1ms)[0m  [1mselect sqlite_version(*)[0m
  [1m[35m (10.0ms)[0m  CREATE UNIQUE INDEX "unique_schema_migrations" ON "schema_migrations" ("version")
  [1m[36m (1.3ms)[0m  [1mSELECT version FROM "schema_migrations"[0m
  [1m[35m (8.4ms)[0m  INSERT INTO "schema_migrations" (version) VALUES ('20151110173324')
  [1m[36mActiveRecord::SchemaMigration Load (1.4ms)[0m  [1mSELECT "schema_migrations".* FROM "schema_migrations"[0m
  [1m[36m (7.2ms)[0m  [1mCREATE TABLE "schema_migrations" ("version" varchar NOT NULL) [0m
  [1m[35m (0.1ms)[0m  select sqlite_version(*)
  [1m[36m (7.9ms)[0m  [1mCREATE UNIQUE INDEX "unique_schema_migrations" ON "schema_migrations" ("version")[0m
  [1m[35mActiveRecord::SchemaMigration Load (1.1ms)[0m  SELECT "schema_migrations".* FROM "schema_migrations"
Migrating to CreateTestTables (20151110173324)
  [1m[36m (0.1ms)[0m  [1mbegin transaction[0m
  [1m[35m (3.4ms)[0m  CREATE TABLE "blogs" ("id" INTEGER PRIMARY KEY AUTOINCREMENT NOT NULL) 
  [1m[36m (0.1ms)[0m  [1mCREATE TABLE "posts" ("id" INTEGER PRIMARY KEY AUTOINCREMENT NOT NULL, "blog_id" integer) [0m
  [1m[35m (0.1ms)[0m  CREATE TABLE "comments" ("id" INTEGER PRIMARY KEY AUTOINCREMENT NOT NULL, "post_id" integer) 
  [1m[36m (0.1ms)[0m  [1mCREATE TABLE "pizzas" ("id" INTEGER PRIMARY KEY AUTOINCREMENT NOT NULL) [0m
  [1m[35m (0.2ms)[0m  CREATE TABLE "boxes" ("id" INTEGER PRIMARY KEY AUTOINCREMENT NOT NULL, "pizza_id" integer) 
  [1m[36m (0.1ms)[0m  [1mCREATE TABLE "ingredients" ("id" INTEGER PRIMARY KEY AUTOINCREMENT NOT NULL, "dish_id" integer) [0m
  [1m[35m (0.1ms)[0m  CREATE TABLE "projects" ("id" INTEGER PRIMARY KEY AUTOINCREMENT NOT NULL, "my_primary_key" varchar) 
  [1m[36m (0.1ms)[0m  [1mCREATE TABLE "tasks" ("id" INTEGER PRIMARY KEY AUTOINCREMENT NOT NULL, "my_primary_key" varchar, "project_id" integer) [0m
  [1m[35mSQL (0.8ms)[0m  INSERT INTO "schema_migrations" ("version") VALUES (?)  [["version", "20151110173324"]]
  [1m[36m (8.4ms)[0m  [1mcommit transaction[0m
  [1m[35mActiveRecord::SchemaMigration Load (1.2ms)[0m  SELECT "schema_migrations".* FROM "schema_migrations"
  [1m[36m (11.3ms)[0m  [1mDROP TABLE "blogs"[0m
  [1m[35m (16.7ms)[0m  CREATE TABLE "blogs" ("id" INTEGER PRIMARY KEY AUTOINCREMENT NOT NULL) 
  [1m[36m (19.4ms)[0m  [1mDROP TABLE "boxes"[0m
  [1m[35m (8.6ms)[0m  CREATE TABLE "boxes" ("id" INTEGER PRIMARY KEY AUTOINCREMENT NOT NULL, "pizza_id" integer) 
  [1m[36m (8.7ms)[0m  [1mDROP TABLE "comments"[0m
  [1m[35m (8.2ms)[0m  CREATE TABLE "comments" ("id" INTEGER PRIMARY KEY AUTOINCREMENT NOT NULL, "post_id" integer) 
  [1m[36m (9.1ms)[0m  [1mDROP TABLE "ingredients"[0m
  [1m[35m (11.0ms)[0m  CREATE TABLE "ingredients" ("id" INTEGER PRIMARY KEY AUTOINCREMENT NOT NULL, "dish_id" integer) 
  [1m[36m (9.1ms)[0m  [1mDROP TABLE "pizzas"[0m
  [1m[35m (9.3ms)[0m  CREATE TABLE "pizzas" ("id" INTEGER PRIMARY KEY AUTOINCREMENT NOT NULL) 
  [1m[36m (11.1ms)[0m  [1mDROP TABLE "posts"[0m
  [1m[35m (9.8ms)[0m  CREATE TABLE "posts" ("id" INTEGER PRIMARY KEY AUTOINCREMENT NOT NULL, "blog_id" integer) 
  [1m[36m (10.6ms)[0m  [1mDROP TABLE "projects"[0m
  [1m[35m (9.3ms)[0m  CREATE TABLE "projects" ("id" INTEGER PRIMARY KEY AUTOINCREMENT NOT NULL, "my_primary_key" varchar) 
  [1m[36m (10.0ms)[0m  [1mDROP TABLE "tasks"[0m
  [1m[35m (13.9ms)[0m  CREATE TABLE "tasks" ("id" INTEGER PRIMARY KEY AUTOINCREMENT NOT NULL, "my_primary_key" varchar, "project_id" integer) 
  [1m[36m (1.3ms)[0m  [1mSELECT version FROM "schema_migrations"[0m
  [1m[35m (9.7ms)[0m  CREATE TABLE "blogs" ("id" INTEGER PRIMARY KEY AUTOINCREMENT NOT NULL) 
  [1m[36m (8.3ms)[0m  [1mCREATE TABLE "boxes" ("id" INTEGER PRIMARY KEY AUTOINCREMENT NOT NULL, "pizza_id" integer) [0m
  [1m[35m (12.4ms)[0m  CREATE TABLE "comments" ("id" INTEGER PRIMARY KEY AUTOINCREMENT NOT NULL, "post_id" integer) 
  [1m[36m (7.6ms)[0m  [1mCREATE TABLE "ingredients" ("id" INTEGER PRIMARY KEY AUTOINCREMENT NOT NULL, "dish_id" integer) [0m
  [1m[35m (7.4ms)[0m  CREATE TABLE "pizzas" ("id" INTEGER PRIMARY KEY AUTOINCREMENT NOT NULL) 
  [1m[36m (7.9ms)[0m  [1mCREATE TABLE "posts" ("id" INTEGER PRIMARY KEY AUTOINCREMENT NOT NULL, "blog_id" integer) [0m
  [1m[35m (7.4ms)[0m  CREATE TABLE "projects" ("id" INTEGER PRIMARY KEY AUTOINCREMENT NOT NULL, "my_primary_key" varchar) 
  [1m[36m (7.5ms)[0m  [1mCREATE TABLE "tasks" ("id" INTEGER PRIMARY KEY AUTOINCREMENT NOT NULL, "my_primary_key" varchar, "project_id" integer) [0m
  [1m[35m (7.7ms)[0m  CREATE TABLE "schema_migrations" ("version" varchar NOT NULL) 
  [1m[36m (0.1ms)[0m  [1mselect sqlite_version(*)[0m
  [1m[35m (11.2ms)[0m  CREATE UNIQUE INDEX "unique_schema_migrations" ON "schema_migrations" ("version")
  [1m[36m (9.1ms)[0m  [1mSELECT version FROM "schema_migrations"[0m
  [1m[35m (9.5ms)[0m  INSERT INTO "schema_migrations" (version) VALUES ('20151110173324')
  [1m[36mActiveRecord::SchemaMigration Load (1.4ms)[0m  [1mSELECT "schema_migrations".* FROM "schema_migrations"[0m
  [1m[36m (6.4ms)[0m  [1mCREATE TABLE "schema_migrations" ("version" varchar NOT NULL) [0m
  [1m[35m (0.1ms)[0m  select sqlite_version(*)
  [1m[36m (7.0ms)[0m  [1mCREATE UNIQUE INDEX "unique_schema_migrations" ON "schema_migrations" ("version")[0m
  [1m[35mActiveRecord::SchemaMigration Load (1.3ms)[0m  SELECT "schema_migrations".* FROM "schema_migrations"
Migrating to CreateTestTables (20151110173324)
  [1m[36m (0.1ms)[0m  [1mbegin transaction[0m
  [1m[35m (3.2ms)[0m  CREATE TABLE "blogs" ("id" INTEGER PRIMARY KEY AUTOINCREMENT NOT NULL) 
  [1m[36m (0.1ms)[0m  [1mCREATE TABLE "posts" ("id" INTEGER PRIMARY KEY AUTOINCREMENT NOT NULL, "blog_id" integer) [0m
  [1m[35m (0.1ms)[0m  CREATE TABLE "comments" ("id" INTEGER PRIMARY KEY AUTOINCREMENT NOT NULL, "post_id" integer) 
  [1m[36m (0.1ms)[0m  [1mCREATE TABLE "pizzas" ("id" INTEGER PRIMARY KEY AUTOINCREMENT NOT NULL) [0m
  [1m[35m (0.1ms)[0m  CREATE TABLE "boxes" ("id" INTEGER PRIMARY KEY AUTOINCREMENT NOT NULL, "pizza_id" integer) 
  [1m[36m (0.1ms)[0m  [1mCREATE TABLE "programmers" ("id" INTEGER PRIMARY KEY AUTOINCREMENT NOT NULL, "pizza_id" integer) [0m
  [1m[35m (0.1ms)[0m  CREATE TABLE "ingredients" ("id" INTEGER PRIMARY KEY AUTOINCREMENT NOT NULL, "dish_id" integer) 
  [1m[36m (0.1ms)[0m  [1mCREATE TABLE "projects" ("id" INTEGER PRIMARY KEY AUTOINCREMENT NOT NULL, "my_primary_key" varchar) [0m
  [1m[35m (0.1ms)[0m  CREATE TABLE "tasks" ("id" INTEGER PRIMARY KEY AUTOINCREMENT NOT NULL, "my_primary_key" varchar, "project_id" integer) 
  [1m[36mSQL (1.6ms)[0m  [1mINSERT INTO "schema_migrations" ("version") VALUES (?)[0m  [["version", "20151110173324"]]
  [1m[35m (16.5ms)[0m  commit transaction
  [1m[36mActiveRecord::SchemaMigration Load (1.9ms)[0m  [1mSELECT "schema_migrations".* FROM "schema_migrations"[0m
  [1m[35m (10.9ms)[0m  DROP TABLE "blogs"
  [1m[36m (8.0ms)[0m  [1mCREATE TABLE "blogs" ("id" INTEGER PRIMARY KEY AUTOINCREMENT NOT NULL) [0m
  [1m[35m (7.8ms)[0m  DROP TABLE "boxes"
  [1m[36m (8.0ms)[0m  [1mCREATE TABLE "boxes" ("id" INTEGER PRIMARY KEY AUTOINCREMENT NOT NULL, "pizza_id" integer) [0m
  [1m[35m (10.7ms)[0m  DROP TABLE "comments"
  [1m[36m (8.5ms)[0m  [1mCREATE TABLE "comments" ("id" INTEGER PRIMARY KEY AUTOINCREMENT NOT NULL, "post_id" integer) [0m
  [1m[35m (8.9ms)[0m  DROP TABLE "ingredients"
  [1m[36m (8.6ms)[0m  [1mCREATE TABLE "ingredients" ("id" INTEGER PRIMARY KEY AUTOINCREMENT NOT NULL, "dish_id" integer) [0m
  [1m[35m (8.1ms)[0m  DROP TABLE "pizzas"
  [1m[36m (7.7ms)[0m  [1mCREATE TABLE "pizzas" ("id" INTEGER PRIMARY KEY AUTOINCREMENT NOT NULL) [0m
  [1m[35m (8.9ms)[0m  DROP TABLE "posts"
  [1m[36m (9.1ms)[0m  [1mCREATE TABLE "posts" ("id" INTEGER PRIMARY KEY AUTOINCREMENT NOT NULL, "blog_id" integer) [0m
  [1m[35m (8.9ms)[0m  DROP TABLE "programmers"
  [1m[36m (8.5ms)[0m  [1mCREATE TABLE "programmers" ("id" INTEGER PRIMARY KEY AUTOINCREMENT NOT NULL, "pizza_id" integer) [0m
  [1m[35m (14.9ms)[0m  DROP TABLE "projects"
  [1m[36m (10.6ms)[0m  [1mCREATE TABLE "projects" ("id" INTEGER PRIMARY KEY AUTOINCREMENT NOT NULL, "my_primary_key" varchar) [0m
  [1m[35m (8.6ms)[0m  DROP TABLE "tasks"
  [1m[36m (13.2ms)[0m  [1mCREATE TABLE "tasks" ("id" INTEGER PRIMARY KEY AUTOINCREMENT NOT NULL, "my_primary_key" varchar, "project_id" integer) [0m
  [1m[35m (1.2ms)[0m  SELECT version FROM "schema_migrations"
  [1m[36m (7.4ms)[0m  [1mCREATE TABLE "blogs" ("id" INTEGER PRIMARY KEY AUTOINCREMENT NOT NULL) [0m
  [1m[35m (10.1ms)[0m  CREATE TABLE "boxes" ("id" INTEGER PRIMARY KEY AUTOINCREMENT NOT NULL, "pizza_id" integer) 
  [1m[36m (9.1ms)[0m  [1mCREATE TABLE "comments" ("id" INTEGER PRIMARY KEY AUTOINCREMENT NOT NULL, "post_id" integer) [0m
  [1m[35m (16.0ms)[0m  CREATE TABLE "ingredients" ("id" INTEGER PRIMARY KEY AUTOINCREMENT NOT NULL, "dish_id" integer) 
  [1m[36m (7.7ms)[0m  [1mCREATE TABLE "pizzas" ("id" INTEGER PRIMARY KEY AUTOINCREMENT NOT NULL) [0m
  [1m[35m (7.1ms)[0m  CREATE TABLE "posts" ("id" INTEGER PRIMARY KEY AUTOINCREMENT NOT NULL, "blog_id" integer) 
  [1m[36m (9.2ms)[0m  [1mCREATE TABLE "programmers" ("id" INTEGER PRIMARY KEY AUTOINCREMENT NOT NULL, "pizza_id" integer) [0m
  [1m[35m (7.4ms)[0m  CREATE TABLE "projects" ("id" INTEGER PRIMARY KEY AUTOINCREMENT NOT NULL, "my_primary_key" varchar) 
  [1m[36m (7.7ms)[0m  [1mCREATE TABLE "tasks" ("id" INTEGER PRIMARY KEY AUTOINCREMENT NOT NULL, "my_primary_key" varchar, "project_id" integer) [0m
  [1m[35m (10.7ms)[0m  CREATE TABLE "schema_migrations" ("version" varchar NOT NULL) 
  [1m[36m (0.1ms)[0m  [1mselect sqlite_version(*)[0m
  [1m[35m (8.0ms)[0m  CREATE UNIQUE INDEX "unique_schema_migrations" ON "schema_migrations" ("version")
  [1m[36m (1.1ms)[0m  [1mSELECT version FROM "schema_migrations"[0m
  [1m[35m (7.7ms)[0m  INSERT INTO "schema_migrations" (version) VALUES ('20151110173324')
  [1m[36mActiveRecord::SchemaMigration Load (0.8ms)[0m  [1mSELECT "schema_migrations".* FROM "schema_migrations"[0m
  [1m[36m (6.7ms)[0m  [1mCREATE TABLE "schema_migrations" ("version" varchar NOT NULL) [0m
  [1m[35m (0.1ms)[0m  select sqlite_version(*)
  [1m[36m (7.4ms)[0m  [1mCREATE UNIQUE INDEX "unique_schema_migrations" ON "schema_migrations" ("version")[0m
  [1m[35mActiveRecord::SchemaMigration Load (1.1ms)[0m  SELECT "schema_migrations".* FROM "schema_migrations"
Migrating to CreateTestTables (20151110173324)
  [1m[36m (0.1ms)[0m  [1mbegin transaction[0m
  [1m[35m (3.3ms)[0m  CREATE TABLE "blogs" ("id" INTEGER PRIMARY KEY AUTOINCREMENT NOT NULL) 
  [1m[36m (0.1ms)[0m  [1mCREATE TABLE "posts" ("id" INTEGER PRIMARY KEY AUTOINCREMENT NOT NULL, "blog_id" integer) [0m
  [1m[35m (0.1ms)[0m  CREATE TABLE "comments" ("id" INTEGER PRIMARY KEY AUTOINCREMENT NOT NULL, "post_id" integer) 
  [1m[36m (0.1ms)[0m  [1mCREATE TABLE "pizzas" ("id" INTEGER PRIMARY KEY AUTOINCREMENT NOT NULL) [0m
  [1m[35m (0.1ms)[0m  CREATE TABLE "boxes" ("id" INTEGER PRIMARY KEY AUTOINCREMENT NOT NULL, "pizza_id" integer) 
  [1m[36m (0.1ms)[0m  [1mCREATE TABLE "programmers" ("id" INTEGER PRIMARY KEY AUTOINCREMENT NOT NULL, "pizza_id" integer) [0m
  [1m[35m (0.1ms)[0m  CREATE TABLE "ingredients" ("id" INTEGER PRIMARY KEY AUTOINCREMENT NOT NULL, "dish_id" integer) 
  [1m[36m (0.1ms)[0m  [1mCREATE TABLE "projects" ("id" INTEGER PRIMARY KEY AUTOINCREMENT NOT NULL, "my_primary_key" varchar) [0m
  [1m[35m (0.1ms)[0m  CREATE TABLE "tasks" ("id" INTEGER PRIMARY KEY AUTOINCREMENT NOT NULL, "my_primary_key" varchar, "project_id" integer) 
  [1m[36mSQL (0.8ms)[0m  [1mINSERT INTO "schema_migrations" ("version") VALUES (?)[0m  [["version", "20151110173324"]]
  [1m[35m (16.0ms)[0m  commit transaction
  [1m[36mActiveRecord::SchemaMigration Load (1.0ms)[0m  [1mSELECT "schema_migrations".* FROM "schema_migrations"[0m
  [1m[35m (9.9ms)[0m  DROP TABLE "blogs"
  [1m[36m (8.6ms)[0m  [1mCREATE TABLE "blogs" ("id" INTEGER PRIMARY KEY AUTOINCREMENT NOT NULL) [0m
  [1m[35m (9.2ms)[0m  DROP TABLE "boxes"
  [1m[36m (12.7ms)[0m  [1mCREATE TABLE "boxes" ("id" INTEGER PRIMARY KEY AUTOINCREMENT NOT NULL, "pizza_id" integer) [0m
  [1m[35m (11.5ms)[0m  DROP TABLE "comments"
  [1m[36m (11.2ms)[0m  [1mCREATE TABLE "comments" ("id" INTEGER PRIMARY KEY AUTOINCREMENT NOT NULL, "post_id" integer) [0m
  [1m[35m (8.6ms)[0m  DROP TABLE "ingredients"
  [1m[36m (8.8ms)[0m  [1mCREATE TABLE "ingredients" ("id" INTEGER PRIMARY KEY AUTOINCREMENT NOT NULL, "dish_id" integer) [0m
  [1m[35m (10.6ms)[0m  DROP TABLE "pizzas"
  [1m[36m (9.3ms)[0m  [1mCREATE TABLE "pizzas" ("id" INTEGER PRIMARY KEY AUTOINCREMENT NOT NULL) [0m
  [1m[35m (8.2ms)[0m  DROP TABLE "posts"
  [1m[36m (11.1ms)[0m  [1mCREATE TABLE "posts" ("id" INTEGER PRIMARY KEY AUTOINCREMENT NOT NULL, "blog_id" integer) [0m
  [1m[35m (8.5ms)[0m  DROP TABLE "programmers"
  [1m[36m (18.7ms)[0m  [1mCREATE TABLE "programmers" ("id" INTEGER PRIMARY KEY AUTOINCREMENT NOT NULL, "pizza_id" integer) [0m
  [1m[35m (8.0ms)[0m  DROP TABLE "projects"
  [1m[36m (8.2ms)[0m  [1mCREATE TABLE "projects" ("id" INTEGER PRIMARY KEY AUTOINCREMENT NOT NULL, "my_primary_key" varchar) [0m
  [1m[35m (12.0ms)[0m  DROP TABLE "tasks"
  [1m[36m (10.5ms)[0m  [1mCREATE TABLE "tasks" ("id" INTEGER PRIMARY KEY AUTOINCREMENT NOT NULL, "my_primary_key" varchar, "project_id" integer) [0m
  [1m[35m (1.4ms)[0m  SELECT version FROM "schema_migrations"
  [1m[36m (6.7ms)[0m  [1mCREATE TABLE "blogs" ("id" INTEGER PRIMARY KEY AUTOINCREMENT NOT NULL) [0m
  [1m[35m (10.4ms)[0m  CREATE TABLE "boxes" ("id" INTEGER PRIMARY KEY AUTOINCREMENT NOT NULL, "pizza_id" integer) 
  [1m[36m (8.4ms)[0m  [1mCREATE TABLE "comments" ("id" INTEGER PRIMARY KEY AUTOINCREMENT NOT NULL, "post_id" integer) [0m
  [1m[35m (8.6ms)[0m  CREATE TABLE "ingredients" ("id" INTEGER PRIMARY KEY AUTOINCREMENT NOT NULL, "dish_id" integer) 
  [1m[36m (11.4ms)[0m  [1mCREATE TABLE "pizzas" ("id" INTEGER PRIMARY KEY AUTOINCREMENT NOT NULL) [0m
  [1m[35m (10.8ms)[0m  CREATE TABLE "posts" ("id" INTEGER PRIMARY KEY AUTOINCREMENT NOT NULL, "blog_id" integer) 
  [1m[36m (7.3ms)[0m  [1mCREATE TABLE "programmers" ("id" INTEGER PRIMARY KEY AUTOINCREMENT NOT NULL, "pizza_id" integer) [0m
  [1m[35m (8.2ms)[0m  CREATE TABLE "projects" ("id" INTEGER PRIMARY KEY AUTOINCREMENT NOT NULL, "my_primary_key" varchar) 
  [1m[36m (7.8ms)[0m  [1mCREATE TABLE "tasks" ("id" INTEGER PRIMARY KEY AUTOINCREMENT NOT NULL, "my_primary_key" varchar, "project_id" integer) [0m
  [1m[35m (9.8ms)[0m  CREATE TABLE "schema_migrations" ("version" varchar NOT NULL) 
  [1m[36m (0.1ms)[0m  [1mselect sqlite_version(*)[0m
  [1m[35m (13.8ms)[0m  CREATE UNIQUE INDEX "unique_schema_migrations" ON "schema_migrations" ("version")
  [1m[36m (4.0ms)[0m  [1mSELECT version FROM "schema_migrations"[0m
  [1m[35m (10.1ms)[0m  INSERT INTO "schema_migrations" (version) VALUES ('20151110173324')
  [1m[36mActiveRecord::SchemaMigration Load (1.0ms)[0m  [1mSELECT "schema_migrations".* FROM "schema_migrations"[0m
  [1m[36m (6.9ms)[0m  [1mCREATE TABLE "schema_migrations" ("version" varchar NOT NULL) [0m
  [1m[35m (0.1ms)[0m  select sqlite_version(*)
  [1m[36m (7.1ms)[0m  [1mCREATE UNIQUE INDEX "unique_schema_migrations" ON "schema_migrations" ("version")[0m
  [1m[35mActiveRecord::SchemaMigration Load (1.3ms)[0m  SELECT "schema_migrations".* FROM "schema_migrations"
Migrating to CreateTestTables (20151110173324)
  [1m[36m (0.1ms)[0m  [1mbegin transaction[0m
  [1m[35m (3.5ms)[0m  CREATE TABLE "blogs" ("id" INTEGER PRIMARY KEY AUTOINCREMENT NOT NULL) 
  [1m[36m (0.1ms)[0m  [1mCREATE TABLE "posts" ("id" INTEGER PRIMARY KEY AUTOINCREMENT NOT NULL, "blog_id" integer) [0m
  [1m[35m (0.1ms)[0m  CREATE TABLE "comments" ("id" INTEGER PRIMARY KEY AUTOINCREMENT NOT NULL, "post_id" integer) 
  [1m[36m (0.1ms)[0m  [1mCREATE TABLE "programmers" ("id" INTEGER PRIMARY KEY AUTOINCREMENT NOT NULL) [0m
  [1m[35m (0.1ms)[0m  CREATE TABLE "pizzas" ("id" INTEGER PRIMARY KEY AUTOINCREMENT NOT NULL, "programmer_id" integer) 
  [1m[36m (0.1ms)[0m  [1mCREATE TABLE "boxes" ("id" INTEGER PRIMARY KEY AUTOINCREMENT NOT NULL, "pizza_id" integer) [0m
  [1m[35m (0.1ms)[0m  CREATE TABLE "ingredients" ("id" INTEGER PRIMARY KEY AUTOINCREMENT NOT NULL, "dish_id" integer) 
  [1m[36m (0.1ms)[0m  [1mCREATE TABLE "projects" ("id" INTEGER PRIMARY KEY AUTOINCREMENT NOT NULL, "my_primary_key" varchar) [0m
  [1m[35m (0.1ms)[0m  CREATE TABLE "tasks" ("id" INTEGER PRIMARY KEY AUTOINCREMENT NOT NULL, "my_primary_key" varchar, "project_id" integer) 
  [1m[36mSQL (0.9ms)[0m  [1mINSERT INTO "schema_migrations" ("version") VALUES (?)[0m  [["version", "20151110173324"]]
  [1m[35m (15.4ms)[0m  commit transaction
  [1m[36mActiveRecord::SchemaMigration Load (1.0ms)[0m  [1mSELECT "schema_migrations".* FROM "schema_migrations"[0m
  [1m[35m (10.7ms)[0m  DROP TABLE "blogs"
  [1m[36m (8.8ms)[0m  [1mCREATE TABLE "blogs" ("id" INTEGER PRIMARY KEY AUTOINCREMENT NOT NULL) [0m
  [1m[35m (35.2ms)[0m  DROP TABLE "boxes"
  [1m[36m (8.6ms)[0m  [1mCREATE TABLE "boxes" ("id" INTEGER PRIMARY KEY AUTOINCREMENT NOT NULL, "pizza_id" integer) [0m
  [1m[35m (10.7ms)[0m  DROP TABLE "comments"
  [1m[36m (8.0ms)[0m  [1mCREATE TABLE "comments" ("id" INTEGER PRIMARY KEY AUTOINCREMENT NOT NULL, "post_id" integer) [0m
  [1m[35m (15.6ms)[0m  DROP TABLE "ingredients"
  [1m[36m (28.0ms)[0m  [1mCREATE TABLE "ingredients" ("id" INTEGER PRIMARY KEY AUTOINCREMENT NOT NULL, "dish_id" integer) [0m
  [1m[35m (13.5ms)[0m  DROP TABLE "pizzas"
  [1m[36m (10.5ms)[0m  [1mCREATE TABLE "pizzas" ("id" INTEGER PRIMARY KEY AUTOINCREMENT NOT NULL, "programmer_id" integer) [0m
  [1m[35m (8.3ms)[0m  DROP TABLE "posts"
  [1m[36m (9.0ms)[0m  [1mCREATE TABLE "posts" ("id" INTEGER PRIMARY KEY AUTOINCREMENT NOT NULL, "blog_id" integer) [0m
  [1m[35m (11.1ms)[0m  DROP TABLE "programmers"
  [1m[36m (10.3ms)[0m  [1mCREATE TABLE "programmers" ("id" INTEGER PRIMARY KEY AUTOINCREMENT NOT NULL) [0m
  [1m[35m (8.2ms)[0m  DROP TABLE "projects"
  [1m[36m (11.5ms)[0m  [1mCREATE TABLE "projects" ("id" INTEGER PRIMARY KEY AUTOINCREMENT NOT NULL, "my_primary_key" varchar) [0m
  [1m[35m (9.0ms)[0m  DROP TABLE "tasks"
  [1m[36m (12.9ms)[0m  [1mCREATE TABLE "tasks" ("id" INTEGER PRIMARY KEY AUTOINCREMENT NOT NULL, "my_primary_key" varchar, "project_id" integer) [0m
  [1m[35m (1.4ms)[0m  SELECT version FROM "schema_migrations"
  [1m[36m (6.8ms)[0m  [1mCREATE TABLE "blogs" ("id" INTEGER PRIMARY KEY AUTOINCREMENT NOT NULL) [0m
  [1m[35m (8.1ms)[0m  CREATE TABLE "boxes" ("id" INTEGER PRIMARY KEY AUTOINCREMENT NOT NULL, "pizza_id" integer) 
  [1m[36m (7.6ms)[0m  [1mCREATE TABLE "comments" ("id" INTEGER PRIMARY KEY AUTOINCREMENT NOT NULL, "post_id" integer) [0m
  [1m[35m (7.9ms)[0m  CREATE TABLE "ingredients" ("id" INTEGER PRIMARY KEY AUTOINCREMENT NOT NULL, "dish_id" integer) 
  [1m[36m (8.4ms)[0m  [1mCREATE TABLE "pizzas" ("id" INTEGER PRIMARY KEY AUTOINCREMENT NOT NULL, "programmer_id" integer) [0m
  [1m[35m (7.4ms)[0m  CREATE TABLE "posts" ("id" INTEGER PRIMARY KEY AUTOINCREMENT NOT NULL, "blog_id" integer) 
  [1m[36m (9.5ms)[0m  [1mCREATE TABLE "programmers" ("id" INTEGER PRIMARY KEY AUTOINCREMENT NOT NULL) [0m
  [1m[35m (15.3ms)[0m  CREATE TABLE "projects" ("id" INTEGER PRIMARY KEY AUTOINCREMENT NOT NULL, "my_primary_key" varchar) 
  [1m[36m (11.9ms)[0m  [1mCREATE TABLE "tasks" ("id" INTEGER PRIMARY KEY AUTOINCREMENT NOT NULL, "my_primary_key" varchar, "project_id" integer) [0m
  [1m[35m (8.2ms)[0m  CREATE TABLE "schema_migrations" ("version" varchar NOT NULL) 
  [1m[36m (0.1ms)[0m  [1mselect sqlite_version(*)[0m
  [1m[35m (8.0ms)[0m  CREATE UNIQUE INDEX "unique_schema_migrations" ON "schema_migrations" ("version")
  [1m[36m (1.9ms)[0m  [1mSELECT version FROM "schema_migrations"[0m
  [1m[35m (10.2ms)[0m  INSERT INTO "schema_migrations" (version) VALUES ('20151110173324')
  [1m[36mActiveRecord::SchemaMigration Load (1.1ms)[0m  [1mSELECT "schema_migrations".* FROM "schema_migrations"[0m
  [1m[36mPizza Load (1.3ms)[0m  [1mSELECT "pizzas".* FROM "pizzas" WHERE "pizzas"."id" IN (1, 2, 3)[0m
  [1m[35mPizza Load (0.0ms)[0m  SELECT "pizzas".* FROM "pizzas" WHERE 1=0
